<?xml version="1.0" encoding="UTF-8"?>
<!-- Generated by org.testng.reporters.JUnitXMLReporter -->
<testsuite ignored="0" hostname="ZD-104CCR3" failures="1" tests="1" name="Zee News Regression Suite" time="0.28" errors="0" timestamp="2022-11-28T11:46:44 IST">
  <testcase classname="com.zee.base.BaseTest" name="@AfterMethod tearDown" time="0.001">
    <failure type="java.lang.NullPointerException">
      <![CDATA[java.lang.NullPointerException
at com.zee.base.BaseTest.tearDown(BaseTest.java:91)
at java.base/java.util.ArrayList.forEach(ArrayList.java:1541)
... Removed 32 stack frames]]>
    </failure>
  </testcase> <!-- @AfterMethod tearDown -->
  <testcase classname="demo.demo1" name="test01_ValidateTotalCountOfImageAtPhotoPage" time="0.008">
    <failure type="java.lang.NullPointerException">
      <![CDATA[java.lang.NullPointerException
at com.zee.actions.WebAction.navigateToPage(WebAction.java:36)
at demo.demo1.test01_ValidateTotalCountOfImageAtPhotoPage(demo1.java:28)
at java.base/java.util.ArrayList.forEach(ArrayList.java:1541)
... Removed 27 stack frames]]>
    </failure>
  </testcase> <!-- test01_ValidateTotalCountOfImageAtPhotoPage -->
</testsuite> <!-- Zee News Regression Suite -->
