<?xml version="1.0" encoding="UTF-8"?>
<!-- Generated by org.testng.reporters.JUnitXMLReporter -->
<testsuite ignored="1" hostname="ZD-104CCR3" failures="7" tests="7" name="CricketCountryEnglish_BrokenLinksVerification_Web" time="564.88" errors="0" timestamp="2022-11-28T15:22:31 IST">
  <testcase classname="com.zee.cricketcountry.TestCricketCountryBrokenLinksForWeb" name="test01_ValidateBrokenLinksOfHomeMainPage" time="390.566">
    <failure type="java.lang.AssertionError" message="The following asserts failed:
	Validated, User has been Landed at : Home Page did not expect to find [true] but found [false],
	Validated, Found Broken Links at Pages expected [0] but found [6]">
      <![CDATA[java.lang.AssertionError: The following asserts failed:
Validated, User has been Landed at : Home Page did not expect to find [true] but found [false],
Validated, Found Broken Links at Pages expected [0] but found [6]
at com.zee.cricketcountry.TestCricketCountryBrokenLinksForWeb.test01_ValidateBrokenLinksOfHomeMainPage(TestCricketCountryBrokenLinksForWeb.java:48)
at java.base/java.util.ArrayList.forEach(ArrayList.java:1541)
... Removed 29 stack frames]]>
    </failure>
  </testcase> <!-- test01_ValidateBrokenLinksOfHomeMainPage -->
  <testcase classname="com.zee.cricketcountry.TestCricketCountryBrokenLinksForWeb" name="test02_ValidateBrokenLinksOfTwoArticlesForNews" time="21.534">
    <failure type="org.openqa.selenium.NoSuchElementException" message="no such element: Unable to locate element: {&amp;quot;method&amp;quot;:&amp;quot;xpath&amp;quot;,&amp;quot;selector&amp;quot;:&amp;quot;(//div[@class=&amp;apos;container&amp;apos;]/descendant::a[contains(text(),&amp;apos;NEWS&amp;apos;)])[1]&amp;quot;}
  (Session info: chrome=107.0.5304.107)
For documentation on this error, please visit: https://www.seleniumhq.org/exceptions/no_such_element.html
Build info: version: &amp;apos;3.141.59&amp;apos;, revision: &amp;apos;e82be7d358&amp;apos;, time: &amp;apos;2018-11-14T08:17:03&amp;apos;
System info: host: &amp;apos;ZD-104CCR3&amp;apos;, ip: &amp;apos;192.168.12.239&amp;apos;, os.name: &amp;apos;Windows 10&amp;apos;, os.arch: &amp;apos;amd64&amp;apos;, os.version: &amp;apos;10.0&amp;apos;, java.version: &amp;apos;11.0.15.1&amp;apos;
Driver info: org.openqa.selenium.chrome.ChromeDriver
Capabilities {acceptInsecureCerts: false, browserName: chrome, browserVersion: 107.0.5304.107, chrome: {chromedriverVersion: 107.0.5304.62 (1eec40d3a576..., userDataDir: C:\Users\ZEE\AppData\Local\...}, goog:chromeOptions: {debuggerAddress: localhost:58231}, javascriptEnabled: true, networkConnectionEnabled: false, pageLoadStrategy: normal, platform: WINDOWS, platformName: WINDOWS, proxy: Proxy(), setWindowRect: true, strictFileInteractability: false, timeouts: {implicit: 0, pageLoad: 300000, script: 30000}, unhandledPromptBehavior: dismiss and notify, webauthn:extension:credBlob: true, webauthn:extension:largeBlob: true, webauthn:virtualAuthenticators: true}
Session ID: 2dc5109cee4f5d2085b35cdffe993057
*** Element info: {Using=xpath, value=(//div[@class=&amp;apos;container&amp;apos;]/descendant::a[contains(text(),&amp;apos;NEWS&amp;apos;)])[1]}">
      <![CDATA[org.openqa.selenium.NoSuchElementException: no such element: Unable to locate element: {"method":"xpath","selector":"(//div[@class='container']/descendant::a[contains(text(),'NEWS')])[1]"}
  (Session info: chrome=107.0.5304.107)
For documentation on this error, please visit: https://www.seleniumhq.org/exceptions/no_such_element.html
Build info: version: '3.141.59', revision: 'e82be7d358', time: '2018-11-14T08:17:03'
System info: host: 'ZD-104CCR3', ip: '192.168.12.239', os.name: 'Windows 10', os.arch: 'amd64', os.version: '10.0', java.version: '11.0.15.1'
Driver info: org.openqa.selenium.chrome.ChromeDriver
Capabilities {acceptInsecureCerts: false, browserName: chrome, browserVersion: 107.0.5304.107, chrome: {chromedriverVersion: 107.0.5304.62 (1eec40d3a576..., userDataDir: C:\Users\ZEE\AppData\Local\...}, goog:chromeOptions: {debuggerAddress: localhost:58231}, javascriptEnabled: true, networkConnectionEnabled: false, pageLoadStrategy: normal, platform: WINDOWS, platformName: WINDOWS, proxy: Proxy(), setWindowRect: true, strictFileInteractability: false, timeouts: {implicit: 0, pageLoad: 300000, script: 30000}, unhandledPromptBehavior: dismiss and notify, webauthn:extension:credBlob: true, webauthn:extension:largeBlob: true, webauthn:virtualAuthenticators: true}
Session ID: 2dc5109cee4f5d2085b35cdffe993057
*** Element info: {Using=xpath, value=(//div[@class='container']/descendant::a[contains(text(),'NEWS')])[1]}
at org.openqa.selenium.remote.http.W3CHttpResponseCodec.createException(W3CHttpResponseCodec.java:187)
at org.openqa.selenium.remote.http.W3CHttpResponseCodec.decode(W3CHttpResponseCodec.java:122)
at org.openqa.selenium.remote.http.W3CHttpResponseCodec.decode(W3CHttpResponseCodec.java:49)
at org.openqa.selenium.remote.HttpCommandExecutor.execute(HttpCommandExecutor.java:158)
at org.openqa.selenium.remote.service.DriverCommandExecutor.execute(DriverCommandExecutor.java:83)
at org.openqa.selenium.remote.RemoteWebDriver.execute(RemoteWebDriver.java:552)
at org.openqa.selenium.remote.RemoteWebDriver.findElement(RemoteWebDriver.java:323)
at org.openqa.selenium.remote.RemoteWebDriver.findElementByXPath(RemoteWebDriver.java:428)
at org.openqa.selenium.By$ByXPath.findElement(By.java:353)
at org.openqa.selenium.remote.RemoteWebDriver.findElement(RemoteWebDriver.java:315)
at com.zee.base.BaseTest.clickByDynXpath(BaseTest.java:285)
at com.zee.cricketcountry.TestCricketCountryBrokenLinksForWeb.test02_ValidateBrokenLinksOfTwoArticlesForNews(TestCricketCountryBrokenLinksForWeb.java:63)
at java.base/java.util.ArrayList.forEach(ArrayList.java:1541)
... Removed 31 stack frames]]>
    </failure>
  </testcase> <!-- test02_ValidateBrokenLinksOfTwoArticlesForNews -->
  <testcase classname="com.zee.cricketcountry.TestCricketCountryBrokenLinksForWeb" name="test03_ValidateBrokenLinksOfMainPageOfT20WorldCup" time="25.844">
    <failure type="org.openqa.selenium.NoSuchElementException" message="no such element: Unable to locate element: {&amp;quot;method&amp;quot;:&amp;quot;xpath&amp;quot;,&amp;quot;selector&amp;quot;:&amp;quot;(//div[@class=&amp;apos;container&amp;apos;]/descendant::a[contains(text(),&amp;apos;T20 World Cup 2022&amp;apos;)])[1]&amp;quot;}
  (Session info: chrome=107.0.5304.107)
For documentation on this error, please visit: https://www.seleniumhq.org/exceptions/no_such_element.html
Build info: version: &amp;apos;3.141.59&amp;apos;, revision: &amp;apos;e82be7d358&amp;apos;, time: &amp;apos;2018-11-14T08:17:03&amp;apos;
System info: host: &amp;apos;ZD-104CCR3&amp;apos;, ip: &amp;apos;192.168.12.239&amp;apos;, os.name: &amp;apos;Windows 10&amp;apos;, os.arch: &amp;apos;amd64&amp;apos;, os.version: &amp;apos;10.0&amp;apos;, java.version: &amp;apos;11.0.15.1&amp;apos;
Driver info: org.openqa.selenium.chrome.ChromeDriver
Capabilities {acceptInsecureCerts: false, browserName: chrome, browserVersion: 107.0.5304.107, chrome: {chromedriverVersion: 107.0.5304.62 (1eec40d3a576..., userDataDir: C:\Users\ZEE\AppData\Local\...}, goog:chromeOptions: {debuggerAddress: localhost:58430}, javascriptEnabled: true, networkConnectionEnabled: false, pageLoadStrategy: normal, platform: WINDOWS, platformName: WINDOWS, proxy: Proxy(), setWindowRect: true, strictFileInteractability: false, timeouts: {implicit: 0, pageLoad: 300000, script: 30000}, unhandledPromptBehavior: dismiss and notify, webauthn:extension:credBlob: true, webauthn:extension:largeBlob: true, webauthn:virtualAuthenticators: true}
Session ID: 014b905d3a95f9ae796d4d605a7a4486
*** Element info: {Using=xpath, value=(//div[@class=&amp;apos;container&amp;apos;]/descendant::a[contains(text(),&amp;apos;T20 World Cup 2022&amp;apos;)])[1]}">
      <![CDATA[org.openqa.selenium.NoSuchElementException: no such element: Unable to locate element: {"method":"xpath","selector":"(//div[@class='container']/descendant::a[contains(text(),'T20 World Cup 2022')])[1]"}
  (Session info: chrome=107.0.5304.107)
For documentation on this error, please visit: https://www.seleniumhq.org/exceptions/no_such_element.html
Build info: version: '3.141.59', revision: 'e82be7d358', time: '2018-11-14T08:17:03'
System info: host: 'ZD-104CCR3', ip: '192.168.12.239', os.name: 'Windows 10', os.arch: 'amd64', os.version: '10.0', java.version: '11.0.15.1'
Driver info: org.openqa.selenium.chrome.ChromeDriver
Capabilities {acceptInsecureCerts: false, browserName: chrome, browserVersion: 107.0.5304.107, chrome: {chromedriverVersion: 107.0.5304.62 (1eec40d3a576..., userDataDir: C:\Users\ZEE\AppData\Local\...}, goog:chromeOptions: {debuggerAddress: localhost:58430}, javascriptEnabled: true, networkConnectionEnabled: false, pageLoadStrategy: normal, platform: WINDOWS, platformName: WINDOWS, proxy: Proxy(), setWindowRect: true, strictFileInteractability: false, timeouts: {implicit: 0, pageLoad: 300000, script: 30000}, unhandledPromptBehavior: dismiss and notify, webauthn:extension:credBlob: true, webauthn:extension:largeBlob: true, webauthn:virtualAuthenticators: true}
Session ID: 014b905d3a95f9ae796d4d605a7a4486
*** Element info: {Using=xpath, value=(//div[@class='container']/descendant::a[contains(text(),'T20 World Cup 2022')])[1]}
at org.openqa.selenium.remote.http.W3CHttpResponseCodec.createException(W3CHttpResponseCodec.java:187)
at org.openqa.selenium.remote.http.W3CHttpResponseCodec.decode(W3CHttpResponseCodec.java:122)
at org.openqa.selenium.remote.http.W3CHttpResponseCodec.decode(W3CHttpResponseCodec.java:49)
at org.openqa.selenium.remote.HttpCommandExecutor.execute(HttpCommandExecutor.java:158)
at org.openqa.selenium.remote.service.DriverCommandExecutor.execute(DriverCommandExecutor.java:83)
at org.openqa.selenium.remote.RemoteWebDriver.execute(RemoteWebDriver.java:552)
at org.openqa.selenium.remote.RemoteWebDriver.findElement(RemoteWebDriver.java:323)
at org.openqa.selenium.remote.RemoteWebDriver.findElementByXPath(RemoteWebDriver.java:428)
at org.openqa.selenium.By$ByXPath.findElement(By.java:353)
at org.openqa.selenium.remote.RemoteWebDriver.findElement(RemoteWebDriver.java:315)
at com.zee.base.BaseTest.clickByDynXpath(BaseTest.java:285)
at com.zee.cricketcountry.TestCricketCountryBrokenLinksForWeb.test03_ValidateBrokenLinksOfMainPageOfT20WorldCup(TestCricketCountryBrokenLinksForWeb.java:90)
at java.base/java.util.ArrayList.forEach(ArrayList.java:1541)
... Removed 31 stack frames]]>
    </failure>
  </testcase> <!-- test03_ValidateBrokenLinksOfMainPageOfT20WorldCup -->
  <testcase classname="com.zee.cricketcountry.TestCricketCountryBrokenLinksForWeb" name="test04_ValidateBrokenLinksOfMainPageOfSeries" time="26.813">
    <failure type="org.openqa.selenium.NoSuchElementException" message="no such element: Unable to locate element: {&amp;quot;method&amp;quot;:&amp;quot;xpath&amp;quot;,&amp;quot;selector&amp;quot;:&amp;quot;(//div[@class=&amp;apos;container&amp;apos;]/descendant::a[contains(text(),&amp;apos;SERIES&amp;apos;)])[1]&amp;quot;}
  (Session info: chrome=107.0.5304.107)
For documentation on this error, please visit: https://www.seleniumhq.org/exceptions/no_such_element.html
Build info: version: &amp;apos;3.141.59&amp;apos;, revision: &amp;apos;e82be7d358&amp;apos;, time: &amp;apos;2018-11-14T08:17:03&amp;apos;
System info: host: &amp;apos;ZD-104CCR3&amp;apos;, ip: &amp;apos;192.168.12.239&amp;apos;, os.name: &amp;apos;Windows 10&amp;apos;, os.arch: &amp;apos;amd64&amp;apos;, os.version: &amp;apos;10.0&amp;apos;, java.version: &amp;apos;11.0.15.1&amp;apos;
Driver info: org.openqa.selenium.chrome.ChromeDriver
Capabilities {acceptInsecureCerts: false, browserName: chrome, browserVersion: 107.0.5304.107, chrome: {chromedriverVersion: 107.0.5304.62 (1eec40d3a576..., userDataDir: C:\Users\ZEE\AppData\Local\...}, goog:chromeOptions: {debuggerAddress: localhost:58629}, javascriptEnabled: true, networkConnectionEnabled: false, pageLoadStrategy: normal, platform: WINDOWS, platformName: WINDOWS, proxy: Proxy(), setWindowRect: true, strictFileInteractability: false, timeouts: {implicit: 0, pageLoad: 300000, script: 30000}, unhandledPromptBehavior: dismiss and notify, webauthn:extension:credBlob: true, webauthn:extension:largeBlob: true, webauthn:virtualAuthenticators: true}
Session ID: 65359ad05be0f716c4d9e44592bbc5a2
*** Element info: {Using=xpath, value=(//div[@class=&amp;apos;container&amp;apos;]/descendant::a[contains(text(),&amp;apos;SERIES&amp;apos;)])[1]}">
      <![CDATA[org.openqa.selenium.NoSuchElementException: no such element: Unable to locate element: {"method":"xpath","selector":"(//div[@class='container']/descendant::a[contains(text(),'SERIES')])[1]"}
  (Session info: chrome=107.0.5304.107)
For documentation on this error, please visit: https://www.seleniumhq.org/exceptions/no_such_element.html
Build info: version: '3.141.59', revision: 'e82be7d358', time: '2018-11-14T08:17:03'
System info: host: 'ZD-104CCR3', ip: '192.168.12.239', os.name: 'Windows 10', os.arch: 'amd64', os.version: '10.0', java.version: '11.0.15.1'
Driver info: org.openqa.selenium.chrome.ChromeDriver
Capabilities {acceptInsecureCerts: false, browserName: chrome, browserVersion: 107.0.5304.107, chrome: {chromedriverVersion: 107.0.5304.62 (1eec40d3a576..., userDataDir: C:\Users\ZEE\AppData\Local\...}, goog:chromeOptions: {debuggerAddress: localhost:58629}, javascriptEnabled: true, networkConnectionEnabled: false, pageLoadStrategy: normal, platform: WINDOWS, platformName: WINDOWS, proxy: Proxy(), setWindowRect: true, strictFileInteractability: false, timeouts: {implicit: 0, pageLoad: 300000, script: 30000}, unhandledPromptBehavior: dismiss and notify, webauthn:extension:credBlob: true, webauthn:extension:largeBlob: true, webauthn:virtualAuthenticators: true}
Session ID: 65359ad05be0f716c4d9e44592bbc5a2
*** Element info: {Using=xpath, value=(//div[@class='container']/descendant::a[contains(text(),'SERIES')])[1]}
at org.openqa.selenium.remote.http.W3CHttpResponseCodec.createException(W3CHttpResponseCodec.java:187)
at org.openqa.selenium.remote.http.W3CHttpResponseCodec.decode(W3CHttpResponseCodec.java:122)
at org.openqa.selenium.remote.http.W3CHttpResponseCodec.decode(W3CHttpResponseCodec.java:49)
at org.openqa.selenium.remote.HttpCommandExecutor.execute(HttpCommandExecutor.java:158)
at org.openqa.selenium.remote.service.DriverCommandExecutor.execute(DriverCommandExecutor.java:83)
at org.openqa.selenium.remote.RemoteWebDriver.execute(RemoteWebDriver.java:552)
at org.openqa.selenium.remote.RemoteWebDriver.findElement(RemoteWebDriver.java:323)
at org.openqa.selenium.remote.RemoteWebDriver.findElementByXPath(RemoteWebDriver.java:428)
at org.openqa.selenium.By$ByXPath.findElement(By.java:353)
at org.openqa.selenium.remote.RemoteWebDriver.findElement(RemoteWebDriver.java:315)
at com.zee.base.BaseTest.clickByDynXpath(BaseTest.java:285)
at com.zee.cricketcountry.TestCricketCountryBrokenLinksForWeb.test04_ValidateBrokenLinksOfMainPageOfSeries(TestCricketCountryBrokenLinksForWeb.java:114)
at java.base/java.util.ArrayList.forEach(ArrayList.java:1541)
... Removed 31 stack frames]]>
    </failure>
  </testcase> <!-- test04_ValidateBrokenLinksOfMainPageOfSeries -->
  <testcase classname="com.zee.cricketcountry.TestCricketCountryBrokenLinksForWeb" name="test05_ValidateBrokenLinksOfTwoArticlesForMomentsInHistoryPage" time="21.289">
    <failure type="org.openqa.selenium.NoSuchElementException" message="no such element: Unable to locate element: {&amp;quot;method&amp;quot;:&amp;quot;xpath&amp;quot;,&amp;quot;selector&amp;quot;:&amp;quot;(//div[@class=&amp;apos;container&amp;apos;]/descendant::a[contains(text(),&amp;apos;Moments in history&amp;apos;)])[1]&amp;quot;}
  (Session info: chrome=107.0.5304.107)
For documentation on this error, please visit: https://www.seleniumhq.org/exceptions/no_such_element.html
Build info: version: &amp;apos;3.141.59&amp;apos;, revision: &amp;apos;e82be7d358&amp;apos;, time: &amp;apos;2018-11-14T08:17:03&amp;apos;
System info: host: &amp;apos;ZD-104CCR3&amp;apos;, ip: &amp;apos;192.168.12.239&amp;apos;, os.name: &amp;apos;Windows 10&amp;apos;, os.arch: &amp;apos;amd64&amp;apos;, os.version: &amp;apos;10.0&amp;apos;, java.version: &amp;apos;11.0.15.1&amp;apos;
Driver info: org.openqa.selenium.chrome.ChromeDriver
Capabilities {acceptInsecureCerts: false, browserName: chrome, browserVersion: 107.0.5304.107, chrome: {chromedriverVersion: 107.0.5304.62 (1eec40d3a576..., userDataDir: C:\Users\ZEE\AppData\Local\...}, goog:chromeOptions: {debuggerAddress: localhost:58869}, javascriptEnabled: true, networkConnectionEnabled: false, pageLoadStrategy: normal, platform: WINDOWS, platformName: WINDOWS, proxy: Proxy(), setWindowRect: true, strictFileInteractability: false, timeouts: {implicit: 0, pageLoad: 300000, script: 30000}, unhandledPromptBehavior: dismiss and notify, webauthn:extension:credBlob: true, webauthn:extension:largeBlob: true, webauthn:virtualAuthenticators: true}
Session ID: 76acbe66b7372dcc88dd2a55f9037fe5
*** Element info: {Using=xpath, value=(//div[@class=&amp;apos;container&amp;apos;]/descendant::a[contains(text(),&amp;apos;Moments in history&amp;apos;)])[1]}">
      <![CDATA[org.openqa.selenium.NoSuchElementException: no such element: Unable to locate element: {"method":"xpath","selector":"(//div[@class='container']/descendant::a[contains(text(),'Moments in history')])[1]"}
  (Session info: chrome=107.0.5304.107)
For documentation on this error, please visit: https://www.seleniumhq.org/exceptions/no_such_element.html
Build info: version: '3.141.59', revision: 'e82be7d358', time: '2018-11-14T08:17:03'
System info: host: 'ZD-104CCR3', ip: '192.168.12.239', os.name: 'Windows 10', os.arch: 'amd64', os.version: '10.0', java.version: '11.0.15.1'
Driver info: org.openqa.selenium.chrome.ChromeDriver
Capabilities {acceptInsecureCerts: false, browserName: chrome, browserVersion: 107.0.5304.107, chrome: {chromedriverVersion: 107.0.5304.62 (1eec40d3a576..., userDataDir: C:\Users\ZEE\AppData\Local\...}, goog:chromeOptions: {debuggerAddress: localhost:58869}, javascriptEnabled: true, networkConnectionEnabled: false, pageLoadStrategy: normal, platform: WINDOWS, platformName: WINDOWS, proxy: Proxy(), setWindowRect: true, strictFileInteractability: false, timeouts: {implicit: 0, pageLoad: 300000, script: 30000}, unhandledPromptBehavior: dismiss and notify, webauthn:extension:credBlob: true, webauthn:extension:largeBlob: true, webauthn:virtualAuthenticators: true}
Session ID: 76acbe66b7372dcc88dd2a55f9037fe5
*** Element info: {Using=xpath, value=(//div[@class='container']/descendant::a[contains(text(),'Moments in history')])[1]}
at org.openqa.selenium.remote.http.W3CHttpResponseCodec.createException(W3CHttpResponseCodec.java:187)
at org.openqa.selenium.remote.http.W3CHttpResponseCodec.decode(W3CHttpResponseCodec.java:122)
at org.openqa.selenium.remote.http.W3CHttpResponseCodec.decode(W3CHttpResponseCodec.java:49)
at org.openqa.selenium.remote.HttpCommandExecutor.execute(HttpCommandExecutor.java:158)
at org.openqa.selenium.remote.service.DriverCommandExecutor.execute(DriverCommandExecutor.java:83)
at org.openqa.selenium.remote.RemoteWebDriver.execute(RemoteWebDriver.java:552)
at org.openqa.selenium.remote.RemoteWebDriver.findElement(RemoteWebDriver.java:323)
at org.openqa.selenium.remote.RemoteWebDriver.findElementByXPath(RemoteWebDriver.java:428)
at org.openqa.selenium.By$ByXPath.findElement(By.java:353)
at org.openqa.selenium.remote.RemoteWebDriver.findElement(RemoteWebDriver.java:315)
at com.zee.base.BaseTest.clickByDynXpath(BaseTest.java:285)
at com.zee.cricketcountry.TestCricketCountryBrokenLinksForWeb.test05_ValidateBrokenLinksOfTwoArticlesForMomentsInHistoryPage(TestCricketCountryBrokenLinksForWeb.java:138)
at java.base/java.util.ArrayList.forEach(ArrayList.java:1541)
... Removed 31 stack frames]]>
    </failure>
  </testcase> <!-- test05_ValidateBrokenLinksOfTwoArticlesForMomentsInHistoryPage -->
  <testcase classname="com.zee.cricketcountry.TestCricketCountryBrokenLinksForWeb" name="test06_ValidateBrokenLinksOfMainPageAndTwoPhotosSectionForPhotoPage" time="28.727">
    <failure type="org.openqa.selenium.NoSuchElementException" message="no such element: Unable to locate element: {&amp;quot;method&amp;quot;:&amp;quot;xpath&amp;quot;,&amp;quot;selector&amp;quot;:&amp;quot;(//div[@class=&amp;apos;container&amp;apos;]/descendant::a[contains(text(),&amp;apos;PHOTOS&amp;apos;)])[1]&amp;quot;}
  (Session info: chrome=107.0.5304.107)
For documentation on this error, please visit: https://www.seleniumhq.org/exceptions/no_such_element.html
Build info: version: &amp;apos;3.141.59&amp;apos;, revision: &amp;apos;e82be7d358&amp;apos;, time: &amp;apos;2018-11-14T08:17:03&amp;apos;
System info: host: &amp;apos;ZD-104CCR3&amp;apos;, ip: &amp;apos;192.168.12.239&amp;apos;, os.name: &amp;apos;Windows 10&amp;apos;, os.arch: &amp;apos;amd64&amp;apos;, os.version: &amp;apos;10.0&amp;apos;, java.version: &amp;apos;11.0.15.1&amp;apos;
Driver info: org.openqa.selenium.chrome.ChromeDriver
Capabilities {acceptInsecureCerts: false, browserName: chrome, browserVersion: 107.0.5304.107, chrome: {chromedriverVersion: 107.0.5304.62 (1eec40d3a576..., userDataDir: C:\Users\ZEE\AppData\Local\...}, goog:chromeOptions: {debuggerAddress: localhost:59072}, javascriptEnabled: true, networkConnectionEnabled: false, pageLoadStrategy: normal, platform: WINDOWS, platformName: WINDOWS, proxy: Proxy(), setWindowRect: true, strictFileInteractability: false, timeouts: {implicit: 0, pageLoad: 300000, script: 30000}, unhandledPromptBehavior: dismiss and notify, webauthn:extension:credBlob: true, webauthn:extension:largeBlob: true, webauthn:virtualAuthenticators: true}
Session ID: bee8a321fd179c14d111f444e7fdbc8e
*** Element info: {Using=xpath, value=(//div[@class=&amp;apos;container&amp;apos;]/descendant::a[contains(text(),&amp;apos;PHOTOS&amp;apos;)])[1]}">
      <![CDATA[org.openqa.selenium.NoSuchElementException: no such element: Unable to locate element: {"method":"xpath","selector":"(//div[@class='container']/descendant::a[contains(text(),'PHOTOS')])[1]"}
  (Session info: chrome=107.0.5304.107)
For documentation on this error, please visit: https://www.seleniumhq.org/exceptions/no_such_element.html
Build info: version: '3.141.59', revision: 'e82be7d358', time: '2018-11-14T08:17:03'
System info: host: 'ZD-104CCR3', ip: '192.168.12.239', os.name: 'Windows 10', os.arch: 'amd64', os.version: '10.0', java.version: '11.0.15.1'
Driver info: org.openqa.selenium.chrome.ChromeDriver
Capabilities {acceptInsecureCerts: false, browserName: chrome, browserVersion: 107.0.5304.107, chrome: {chromedriverVersion: 107.0.5304.62 (1eec40d3a576..., userDataDir: C:\Users\ZEE\AppData\Local\...}, goog:chromeOptions: {debuggerAddress: localhost:59072}, javascriptEnabled: true, networkConnectionEnabled: false, pageLoadStrategy: normal, platform: WINDOWS, platformName: WINDOWS, proxy: Proxy(), setWindowRect: true, strictFileInteractability: false, timeouts: {implicit: 0, pageLoad: 300000, script: 30000}, unhandledPromptBehavior: dismiss and notify, webauthn:extension:credBlob: true, webauthn:extension:largeBlob: true, webauthn:virtualAuthenticators: true}
Session ID: bee8a321fd179c14d111f444e7fdbc8e
*** Element info: {Using=xpath, value=(//div[@class='container']/descendant::a[contains(text(),'PHOTOS')])[1]}
at org.openqa.selenium.remote.http.W3CHttpResponseCodec.createException(W3CHttpResponseCodec.java:187)
at org.openqa.selenium.remote.http.W3CHttpResponseCodec.decode(W3CHttpResponseCodec.java:122)
at org.openqa.selenium.remote.http.W3CHttpResponseCodec.decode(W3CHttpResponseCodec.java:49)
at org.openqa.selenium.remote.HttpCommandExecutor.execute(HttpCommandExecutor.java:158)
at org.openqa.selenium.remote.service.DriverCommandExecutor.execute(DriverCommandExecutor.java:83)
at org.openqa.selenium.remote.RemoteWebDriver.execute(RemoteWebDriver.java:552)
at org.openqa.selenium.remote.RemoteWebDriver.findElement(RemoteWebDriver.java:323)
at org.openqa.selenium.remote.RemoteWebDriver.findElementByXPath(RemoteWebDriver.java:428)
at org.openqa.selenium.By$ByXPath.findElement(By.java:353)
at org.openqa.selenium.remote.RemoteWebDriver.findElement(RemoteWebDriver.java:315)
at com.zee.base.BaseTest.clickByDynXpath(BaseTest.java:285)
at com.zee.cricketcountry.TestCricketCountryBrokenLinksForWeb.test06_ValidateBrokenLinksOfMainPageAndTwoPhotosSectionForPhotoPage(TestCricketCountryBrokenLinksForWeb.java:165)
at java.base/java.util.ArrayList.forEach(ArrayList.java:1541)
... Removed 31 stack frames]]>
    </failure>
  </testcase> <!-- test06_ValidateBrokenLinksOfMainPageAndTwoPhotosSectionForPhotoPage -->
  <testcase classname="com.zee.cricketcountry.TestCricketCountryBrokenLinksForWeb" name="writeDataInExcel" time="0.129">
    <failure type="org.apache.poi.openxml4j.exceptions.OpenXML4JRuntimeException" message="Fail to save: an error occurs while saving the package : null">
      <![CDATA[org.apache.poi.openxml4j.exceptions.OpenXML4JRuntimeException: Fail to save: an error occurs while saving the package : null
at org.apache.poi.openxml4j.opc.ZipPackage.saveImpl(ZipPackage.java:505)
at org.apache.poi.openxml4j.opc.OPCPackage.save(OPCPackage.java:1441)
at org.apache.poi.POIXMLDocument.write(POIXMLDocument.java:201)
at com.zee.utils.GenericUtility.writeDataInWorkBookForBrokenLinks(GenericUtility.java:225)
at com.zee.cricketcountry.TestCricketCountryBrokenLinksForWeb.writeDataInExcel(TestCricketCountryBrokenLinksForWeb.java:212)
at java.base/java.util.ArrayList.forEach(ArrayList.java:1541)
Caused by: java.lang.NullPointerException
at java.base/java.util.zip.DeflaterOutputStream.<init>(DeflaterOutputStream.java:84)
at java.base/java.util.zip.DeflaterOutputStream.<init>(DeflaterOutputStream.java:142)
at java.base/java.util.zip.ZipOutputStream.<init>(ZipOutputStream.java:134)
at java.base/java.util.zip.ZipOutputStream.<init>(ZipOutputStream.java:120)
at org.apache.poi.openxml4j.opc.ZipPackage.saveImpl(ZipPackage.java:437)
... 32 more
... Removed 27 stack frames]]>
    </failure>
  </testcase> <!-- writeDataInExcel -->
  <testcase classname="com.zee.cricketcountry.TestCricketCountryBrokenLinksForWeb" name="test07_ValidateBrokenLinksOfTwoArticlesForInterviews" time="0.0">
    <ignored/>
  </testcase> <!-- test07_ValidateBrokenLinksOfTwoArticlesForInterviews -->
</testsuite> <!-- CricketCountryEnglish_BrokenLinksVerification_Web -->
