<?xml version="1.0" encoding="UTF-8"?>
<!-- Generated by org.testng.reporters.JUnitReportReporter -->
<testsuite hostname="ZD-104CCR3" failures="1" tests="1" name="com.zee.backend.TestWebCallsIndiacom" time="38.624" errors="0" timestamp="2023-01-04T15:21:46 IST" skipped="0">
  <testcase classname="com.zee.backend.TestWebCallsIndiacom" name="test01_Validate_GA_And_Scorecard_Request_AfterOpeningTheArticle_For_Web" time="38.624">
    <failure message="The following asserts failed:
	Verified, T Value of GA Calls did not expect to find [pageview] but found [null],
	Verified, DT Value of GA Calls expected [Air India Bans Passenger For 30 Days Who Urinated On Woman In New York-Delhi Flight in November] but found [Latest News, Breaking News, LIVE News, Top News Headlines, Viral Video, Cricket LIVE, Sports, Entertainment, Business, Health, Lifestyle and Utility News | India.Com News],
	Verified, DL Value of GA Calls expected [https://www.india.com/news/india/breaking-air-india-bans-passenger-who-urinated-on-woman-in-new-york-delhi-flight-for-30-days-5838198/] but found [https://www.india.com/]" type="java.lang.AssertionError">
      <![CDATA[java.lang.AssertionError: The following asserts failed:
Verified, T Value of GA Calls did not expect to find [pageview] but found [null],
Verified, DT Value of GA Calls expected [Air India Bans Passenger For 30 Days Who Urinated On Woman In New York-Delhi Flight in November] but found [Latest News, Breaking News, LIVE News, Top News Headlines, Viral Video, Cricket LIVE, Sports, Entertainment, Business, Health, Lifestyle and Utility News | India.Com News],
Verified, DL Value of GA Calls expected [https://www.india.com/news/india/breaking-air-india-bans-passenger-who-urinated-on-woman-in-new-york-delhi-flight-for-30-days-5838198/] but found [https://www.india.com/]
at org.testng.asserts.SoftAssert.assertAll(SoftAssert.java:47)
at org.testng.asserts.SoftAssert.assertAll(SoftAssert.java:31)
at com.zee.backend.TestWebCallsIndiacom.test01_Validate_GA_And_Scorecard_Request_AfterOpeningTheArticle_For_Web(TestWebCallsIndiacom.java:68)
at java.base/jdk.internal.reflect.NativeMethodAccessorImpl.invoke0(Native Method)
at java.base/jdk.internal.reflect.NativeMethodAccessorImpl.invoke(NativeMethodAccessorImpl.java:62)
at java.base/jdk.internal.reflect.DelegatingMethodAccessorImpl.invoke(DelegatingMethodAccessorImpl.java:43)
at java.base/java.lang.reflect.Method.invoke(Method.java:566)
at org.testng.internal.MethodInvocationHelper.invokeMethod(MethodInvocationHelper.java:133)
at org.testng.internal.TestInvoker.invokeMethod(TestInvoker.java:584)
at org.testng.internal.TestInvoker.invokeTestMethod(TestInvoker.java:172)
at org.testng.internal.MethodRunner.runInSequence(MethodRunner.java:46)
at org.testng.internal.TestInvoker$MethodInvocationAgent.invoke(TestInvoker.java:804)
at org.testng.internal.TestInvoker.invokeTestMethods(TestInvoker.java:145)
at org.testng.internal.TestMethodWorker.invokeTestMethods(TestMethodWorker.java:146)
at org.testng.internal.TestMethodWorker.run(TestMethodWorker.java:128)
at java.base/java.util.ArrayList.forEach(ArrayList.java:1541)
at org.testng.TestRunner.privateRun(TestRunner.java:770)
at org.testng.TestRunner.run(TestRunner.java:591)
at org.testng.SuiteRunner.runTest(SuiteRunner.java:402)
at org.testng.SuiteRunner.runSequentially(SuiteRunner.java:396)
at org.testng.SuiteRunner.privateRun(SuiteRunner.java:355)
at org.testng.SuiteRunner.run(SuiteRunner.java:304)
at org.testng.SuiteRunnerWorker.runSuite(SuiteRunnerWorker.java:53)
at org.testng.SuiteRunnerWorker.run(SuiteRunnerWorker.java:96)
at org.testng.TestNG.runSuitesSequentially(TestNG.java:1180)
at org.testng.TestNG.runSuitesLocally(TestNG.java:1102)
at org.testng.TestNG.runSuites(TestNG.java:1032)
at org.testng.TestNG.run(TestNG.java:1000)
at org.testng.remote.AbstractRemoteTestNG.run(AbstractRemoteTestNG.java:115)
at org.testng.remote.RemoteTestNG.initAndRun(RemoteTestNG.java:251)
at org.testng.remote.RemoteTestNG.main(RemoteTestNG.java:77)
]]>
    </failure>
  </testcase> <!-- test01_Validate_GA_And_Scorecard_Request_AfterOpeningTheArticle_For_Web -->
</testsuite> <!-- com.zee.backend.TestWebCallsIndiacom -->
