<?xml version="1.0" encoding="UTF-8"?>
<!-- Generated by org.testng.reporters.JUnitXMLReporter -->
<testsuite ignored="0" hostname="ZD-104CCR3" failures="2" tests="4" name="ZeeNews_Regression_Suite" time="564.456" errors="0" timestamp="2023-01-20T12:17:03 IST">
  <testcase classname="com.zee.backend.TestWebPageSpeed" name="test01_ValidatePageSpeedOfArticleForWeb" time="162.326">
    <failure type="java.lang.AssertionError" message="The following asserts failed:
	expected [Validated, The Core Vitals Assessment has been passed or failed.] but found [Passed]">
      <![CDATA[java.lang.AssertionError: The following asserts failed:
expected [Validated, The Core Vitals Assessment has been passed or failed.] but found [Passed]
at com.zee.backend.TestWebPageSpeed.test01_ValidatePageSpeedOfArticleForWeb(TestWebPageSpeed.java:46)
at java.base/java.util.ArrayList.forEach(ArrayList.java:1541)
... Removed 29 stack frames]]>
    </failure>
  </testcase> <!-- test01_ValidatePageSpeedOfArticleForWeb -->
  <testcase classname="com.zee.backend.TestWebPageSpeed" name="test02_ValidatePageSpeedOfVideoForWeb" time="88.657"/>
  <testcase classname="com.zee.backend.TestWebPageSpeed" name="test03_ValidatePageSpeedOfPhotosForWeb" time="39.847">
    <failure type="org.openqa.selenium.ElementClickInterceptedException" message="element click intercepted: Element &amp;lt;a href=&amp;quot;/photos/business/lic-premiums-online-payment-heres-step-by-step-guide-on-how-to-pay-lic-premiums-online-via-google-pay-paytm-phonepe-and-other-upi-2563662&amp;quot; title=&amp;quot;LIC premiums online payment: Here&amp;apos;s step-by-step guide on how to pay LIC premiums online via google pay, paytm, phonepe and other UPI&amp;quot;&amp;gt;...&amp;lt;/a&amp;gt; is not clickable at point (498, 734). Other element would receive the click: &amp;lt;div class=&amp;quot;gradiant_bg&amp;quot;&amp;gt;...&amp;lt;/div&amp;gt;
  (Session info: chrome=109.0.5414.75)
Build info: version: &amp;apos;3.141.59&amp;apos;, revision: &amp;apos;e82be7d358&amp;apos;, time: &amp;apos;2018-11-14T08:17:03&amp;apos;
System info: host: &amp;apos;ZD-104CCR3&amp;apos;, ip: &amp;apos;192.168.12.239&amp;apos;, os.name: &amp;apos;Windows 10&amp;apos;, os.arch: &amp;apos;amd64&amp;apos;, os.version: &amp;apos;10.0&amp;apos;, java.version: &amp;apos;11.0.15.1&amp;apos;
Driver info: org.openqa.selenium.chrome.ChromeDriver
Capabilities {acceptInsecureCerts: false, browserName: chrome, browserVersion: 109.0.5414.75, chrome: {chromedriverVersion: 109.0.5414.74 (e7c5703604da..., userDataDir: C:\Users\ZEE\AppData\Local\...}, goog:chromeOptions: {debuggerAddress: localhost:51432}, javascriptEnabled: true, networkConnectionEnabled: false, pageLoadStrategy: normal, platform: WINDOWS, platformName: WINDOWS, proxy: Proxy(), setWindowRect: true, strictFileInteractability: false, timeouts: {implicit: 0, pageLoad: 300000, script: 30000}, unhandledPromptBehavior: dismiss and notify, webauthn:extension:credBlob: true, webauthn:extension:largeBlob: true, webauthn:virtualAuthenticators: true}
Session ID: b097ea033e75cdca82513ecfbe4a5221">
      <![CDATA[org.openqa.selenium.ElementClickInterceptedException: element click intercepted: Element <a href="/photos/business/lic-premiums-online-payment-heres-step-by-step-guide-on-how-to-pay-lic-premiums-online-via-google-pay-paytm-phonepe-and-other-upi-2563662" title="LIC premiums online payment: Here's step-by-step guide on how to pay LIC premiums online via google pay, paytm, phonepe and other UPI">...</a> is not clickable at point (498, 734). Other element would receive the click: <div class="gradiant_bg">...</div>
  (Session info: chrome=109.0.5414.75)
Build info: version: '3.141.59', revision: 'e82be7d358', time: '2018-11-14T08:17:03'
System info: host: 'ZD-104CCR3', ip: '192.168.12.239', os.name: 'Windows 10', os.arch: 'amd64', os.version: '10.0', java.version: '11.0.15.1'
Driver info: org.openqa.selenium.chrome.ChromeDriver
Capabilities {acceptInsecureCerts: false, browserName: chrome, browserVersion: 109.0.5414.75, chrome: {chromedriverVersion: 109.0.5414.74 (e7c5703604da..., userDataDir: C:\Users\ZEE\AppData\Local\...}, goog:chromeOptions: {debuggerAddress: localhost:51432}, javascriptEnabled: true, networkConnectionEnabled: false, pageLoadStrategy: normal, platform: WINDOWS, platformName: WINDOWS, proxy: Proxy(), setWindowRect: true, strictFileInteractability: false, timeouts: {implicit: 0, pageLoad: 300000, script: 30000}, unhandledPromptBehavior: dismiss and notify, webauthn:extension:credBlob: true, webauthn:extension:largeBlob: true, webauthn:virtualAuthenticators: true}
Session ID: b097ea033e75cdca82513ecfbe4a5221
at org.openqa.selenium.remote.http.W3CHttpResponseCodec.createException(W3CHttpResponseCodec.java:187)
at org.openqa.selenium.remote.http.W3CHttpResponseCodec.decode(W3CHttpResponseCodec.java:122)
at org.openqa.selenium.remote.http.W3CHttpResponseCodec.decode(W3CHttpResponseCodec.java:49)
at org.openqa.selenium.remote.HttpCommandExecutor.execute(HttpCommandExecutor.java:158)
at org.openqa.selenium.remote.service.DriverCommandExecutor.execute(DriverCommandExecutor.java:83)
at org.openqa.selenium.remote.RemoteWebDriver.execute(RemoteWebDriver.java:552)
at org.openqa.selenium.remote.RemoteWebElement.execute(RemoteWebElement.java:285)
at org.openqa.selenium.remote.RemoteWebElement.click(RemoteWebElement.java:84)
at com.zee.webpages.ZeeNewsIndiaPhotoPage.selectTheFirstPictureAppearOnPhotoSectionPage(ZeeNewsIndiaPhotoPage.java:104)
at com.zee.backend.TestWebPageSpeed.test03_ValidatePageSpeedOfPhotosForWeb(TestWebPageSpeed.java:98)
at java.base/java.util.ArrayList.forEach(ArrayList.java:1541)
... Removed 31 stack frames]]>
    </failure>
  </testcase> <!-- test03_ValidatePageSpeedOfPhotosForWeb -->
  <testcase classname="com.zee.backend.TestWebPageSpeed" name="test04_ValidatePageSpeedOfCrawlerMenus" time="251.928"/>
</testsuite> <!-- ZeeNews_Regression_Suite -->
